[0101/201021.545:ERROR:directory_reader_win.cc(43)] FindFirstFile: Системе не удается найти указанный путь. (0x3)
[0102/144442.572:ERROR:directory_reader_win.cc(43)] FindFirstFile: Системе не удается найти указанный путь. (0x3)
[0103/142950.285:ERROR:directory_reader_win.cc(43)] FindFirstFile: Системе не удается найти указанный путь. (0x3)
[0104/151109.327:ERROR:directory_reader_win.cc(43)] FindFirstFile: Системе не удается найти указанный путь. (0x3)
[0105/194241.544:ERROR:directory_reader_win.cc(43)] FindFirstFile: Системе не удается найти указанный путь. (0x3)
[0105/212702.825:ERROR:directory_reader_win.cc(43)] FindFirstFile: Системе не удается найти указанный путь. (0x3)
[0106/131136.717:ERROR:directory_reader_win.cc(43)] FindFirstFile: Системе не удается найти указанный путь. (0x3)
[0111/230208.482:ERROR:directory_reader_win.cc(43)] FindFirstFile: Системе не удается найти указанный путь. (0x3)
[0112/135635.692:ERROR:directory_reader_win.cc(43)] FindFirstFile: Системе не удается найти указанный путь. (0x3)
[0113/141033.266:ERROR:directory_reader_win.cc(43)] FindFirstFile: Системе не удается найти указанный путь. (0x3)
[0114/170404.287:ERROR:directory_reader_win.cc(43)] FindFirstFile: Системе не удается найти указанный путь. (0x3)
[0114/215849.001:ERROR:filesystem_win.cc(129)] GetFileAttributes C:\Users\tatka_000\AppData\Local\AVAST Software\Browser\User Data\Crashpad\attachments\7dde8048-572a-4c57-bf1b-dd5370ed9cf4: Системе не удается найти указанный путь. (0x3)
[0128/142009.535:ERROR:directory_reader_win.cc(43)] FindFirstFile: Системе не удается найти указанный путь. (0x3)
[0128/234357.623:ERROR:process_reader_win.cc(151)] SuspendThread: Отказано в доступе. (0x5)
[0128/234357.701:ERROR:process_reader_win.cc(151)] SuspendThread: Отказано в доступе. (0x5)
[0128/234357.701:ERROR:process_reader_win.cc(151)] SuspendThread: Отказано в доступе. (0x5)
[0128/234357.701:ERROR:process_reader_win.cc(151)] SuspendThread: Отказано в доступе. (0x5)
[0128/234357.701:ERROR:process_reader_win.cc(151)] SuspendThread: Отказано в доступе. (0x5)
[0128/234357.701:ERROR:process_reader_win.cc(151)] SuspendThread: Отказано в доступе. (0x5)
[0128/234357.701:ERROR:process_reader_win.cc(151)] SuspendThread: Отказано в доступе. (0x5)
[0128/234357.701:ERROR:process_reader_win.cc(151)] SuspendThread: Отказано в доступе. (0x5)
[0128/234357.701:ERROR:process_reader_win.cc(151)] SuspendThread: Отказано в доступе. (0x5)
[0128/234357.701:ERROR:process_reader_win.cc(151)] SuspendThread: Отказано в доступе. (0x5)
[0128/234357.701:ERROR:process_reader_win.cc(123)] NtOpenThread: {Отказано в доступе} Процесс запросил доступ к объекту, но права на доступ не предоставлены. (0xc0000022)
[0128/234357.998:ERROR:exception_snapshot_win.cc(99)] thread ID 2860 not found in process
[0131/103224.050:ERROR:directory_reader_win.cc(43)] FindFirstFile: Системе не удается найти указанный путь. (0x3)
[0201/140019.112:ERROR:directory_reader_win.cc(43)] FindFirstFile: Системе не удается найти указанный путь. (0x3)
[0202/155343.713:ERROR:directory_reader_win.cc(43)] FindFirstFile: Системе не удается найти указанный путь. (0x3)
[0204/143544.529:ERROR:directory_reader_win.cc(43)] FindFirstFile: Системе не удается найти указанный путь. (0x3)
[0205/104753.419:ERROR:directory_reader_win.cc(43)] FindFirstFile: Системе не удается найти указанный путь. (0x3)
